<?xml version="1.0" encoding="UTF-8"?>
<testsuite xmlns:xsi="http://www.w3.org/2001/XMLSchema-instance" xsi:noNamespaceSchemaLocation="https://maven.apache.org/surefire/maven-surefire-plugin/xsd/surefire-test-report.xsd" version="3.0.2" name="com.plugpoint.paymentservice.controller.MockPaymentControllerTest" time="10.026" tests="7" errors="0" skipped="0" failures="0">
  <properties>
[...]
</properties>
  <testcase name="failPayment_shouldReturnFailed" classname="com.plugpoint.paymentservice.controller.MockPaymentControllerTest" time="2.701">
    <system-out><![CDATA[16:46:29.647 [main] INFO org.springframework.test.context.support.AnnotationConfigContextLoaderUtils -- Could not detect default configuration classes for test class [com.plugpoint.paymentservice.controller.MockPaymentControllerTest]: MockPaymentControllerTest does not declare any static, non-private, non-final, nested classes annotated with @Configuration.
16:46:30.028 [main] INFO org.springframework.boot.test.context.SpringBootTestContextBootstrapper -- Found @SpringBootConfiguration com.plugpoint.paymentservice.PaymentServiceApplication for test class com.plugpoint.paymentservice.controller.MockPaymentControllerTest

  .   ____          _            __ _ _
 /\\ / ___'_ __ _ _(_)_ __  __ _ \ \ \ \
( ( )\___ | '_ | '_| | '_ \/ _` | \ \ \ \
 \\/  ___)| |_)| | | | | || (_| |  ) ) ) )
  '  |____| .__|_| |_|_| |_\__, | / / / /
 =========|_|==============|___/=/_/_/_/

 :: Spring Boot ::                (v3.4.3)

2026-03-15T16:46:31.593+05:30  INFO 11740 --- [payment-service] [           main] c.p.p.c.MockPaymentControllerTest        : Starting MockPaymentControllerTest using Java 17.0.12 with PID 11740 (started by Hp in C:\Users\Hp\OneDrive\Desktop\ANTIGRATIVY TESTS\Payment Processing Microservice)
2026-03-15T16:46:31.596+05:30 DEBUG 11740 --- [payment-service] [           main] c.p.p.c.MockPaymentControllerTest        : Running with Spring Boot v3.4.3, Spring v6.2.3
2026-03-15T16:46:31.599+05:30  INFO 11740 --- [payment-service] [           main] c.p.p.c.MockPaymentControllerTest        : No active profile set, falling back to 1 default profile: "default"
2026-03-15T16:46:35.921+05:30  INFO 11740 --- [payment-service] [           main] o.s.b.t.m.w.SpringBootMockServletContext : Initializing Spring TestDispatcherServlet ''
2026-03-15T16:46:35.921+05:30  INFO 11740 --- [payment-service] [           main] o.s.t.web.servlet.TestDispatcherServlet  : Initializing Servlet ''
2026-03-15T16:46:35.930+05:30  INFO 11740 --- [payment-service] [           main] o.s.t.web.servlet.TestDispatcherServlet  : Completed initialization in 5 ms
2026-03-15T16:46:36.096+05:30  INFO 11740 --- [payment-service] [           main] c.p.p.c.MockPaymentControllerTest        : Started MockPaymentControllerTest in 5.737 seconds (process running for 8.73)
]]></system-out>
  </testcase>
  <testcase name="getStatus_without_orderId_should404" classname="com.plugpoint.paymentservice.controller.MockPaymentControllerTest" time="0.026"/>
  <testcase name="processPayment_shouldReturnSucceeded" classname="com.plugpoint.paymentservice.controller.MockPaymentControllerTest" time="0.021"/>
  <testcase name="processPayment_shouldReturn400_whenOrderIdMissing" classname="com.plugpoint.paymentservice.controller.MockPaymentControllerTest" time="0.047">
    <system-out><![CDATA[2026-03-15T16:46:38.919+05:30  WARN 11740 --- [payment-service] [           main] .w.s.m.s.DefaultHandlerExceptionResolver : Resolved [org.springframework.web.bind.MethodArgumentNotValidException: Validation failed for argument [0] in public org.springframework.http.ResponseEntity<com.plugpoint.paymentservice.dto.PaymentResponse> com.plugpoint.paymentservice.controller.MockPaymentController.mockProcess(com.plugpoint.paymentservice.dto.PaymentRequest): [Field error in object 'paymentRequest' on field 'orderId': rejected value [null]; codes [NotBlank.paymentRequest.orderId,NotBlank.orderId,NotBlank.java.lang.String,NotBlank]; arguments [org.springframework.context.support.DefaultMessageSourceResolvable: codes [paymentRequest.orderId,orderId]; arguments []; default message [orderId]]; default message [Order ID is required]] ]
]]></system-out>
  </testcase>
  <testcase name="processPayment_shouldReturn400_whenAmountMissing" classname="com.plugpoint.paymentservice.controller.MockPaymentControllerTest" time="0.012">
    <system-out><![CDATA[2026-03-15T16:46:38.936+05:30  WARN 11740 --- [payment-service] [           main] .w.s.m.s.DefaultHandlerExceptionResolver : Resolved [org.springframework.web.bind.MethodArgumentNotValidException: Validation failed for argument [0] in public org.springframework.http.ResponseEntity<com.plugpoint.paymentservice.dto.PaymentResponse> com.plugpoint.paymentservice.controller.MockPaymentController.mockProcess(com.plugpoint.paymentservice.dto.PaymentRequest): [Field error in object 'paymentRequest' on field 'amount': rejected value [null]; codes [NotNull.paymentRequest.amount,NotNull.amount,NotNull.java.math.BigDecimal,NotNull]; arguments [org.springframework.context.support.DefaultMessageSourceResolvable: codes [paymentRequest.amount,amount]; arguments []; default message [amount]]; default message [Amount is required]] ]
]]></system-out>
  </testcase>
  <testcase name="processPayment_shouldHandleINR" classname="com.plugpoint.paymentservice.controller.MockPaymentControllerTest" time="0.011"/>
  <testcase name="getStatus_shouldReturnMockStatus" classname="com.plugpoint.paymentservice.controller.MockPaymentControllerTest" time="0.025"/>
</testsuite>